app/build/intermediates/manifest_merge_blame_file/debug/manifest-merger-blame-debug-report.txt
1<?xml version="1.0" encoding="utf-8"?>
2<manifest xmlns:android="http://schemas.android.com/apk/res/android"
3    package="android.example.com.tflitecamerademo3"
4    android:versionCode="1"
5    android:versionName="1.0" >
6
7    <uses-sdk
8        android:minSdkVersion="21"
8-->src\main\AndroidManifest.xml
9        android:targetSdkVersion="26" />
9-->src\main\AndroidManifest.xml
10
11    <uses-permission android:name="android.permission.CAMERA" />
11-->src\main\AndroidManifest.xml:6:5-65
11-->src\main\AndroidManifest.xml:6:22-62
12    <uses-permission android:name="android.permission.WRITE_EXTERNAL_STORAGE" />
12-->src\main\AndroidManifest.xml:7:5-81
12-->src\main\AndroidManifest.xml:7:22-78
13
14    <uses-feature android:name="android.hardware.camera" />
14-->src\main\AndroidManifest.xml:9:5-60
14-->src\main\AndroidManifest.xml:9:19-57
15    <uses-feature android:name="android.hardware.camera.autofocus" />
15-->src\main\AndroidManifest.xml:10:5-70
15-->src\main\AndroidManifest.xml:10:19-67
16
17    <application
17-->src\main\AndroidManifest.xml:12:5-25:19
18        android:allowBackup="true"
18-->src\main\AndroidManifest.xml:12:18-44
19        android:debuggable="true"
20        android:label="@string/app_name"
20-->src\main\AndroidManifest.xml:13:9-41
21        android:testOnly="true"
22        android:theme="@style/MaterialTheme" >
22-->src\main\AndroidManifest.xml:14:9-45
23        <activity
23-->src\main\AndroidManifest.xml:16:9-24:20
24            android:name="com.example.android.blur_cam.CameraActivity"
24-->src\main\AndroidManifest.xml:16:19-77
25            android:icon="@drawable/ic_launcher"
25-->src\main\AndroidManifest.xml:18:19-55
26            android:label="@string/app_name"
26-->src\main\AndroidManifest.xml:19:19-51
27            android:screenOrientation="portrait" >
27-->src\main\AndroidManifest.xml:17:19-55
28            <intent-filter>
28-->src\main\AndroidManifest.xml:20:13-23:29
29                <action android:name="android.intent.action.MAIN" />
29-->src\main\AndroidManifest.xml:21:17-69
29-->src\main\AndroidManifest.xml:21:25-66
30
31                <category android:name="android.intent.category.LAUNCHER" />
31-->src\main\AndroidManifest.xml:22:17-77
31-->src\main\AndroidManifest.xml:22:27-74
32            </intent-filter>
33        </activity>
34    </application>
35
36</manifest>